Tue Oct  3 21:15:58 BDT 2017
/usr/local/lib/nicad4/txl/java-extract-functions.x ALL.java >> examples/JHotDraw54b1_functions.xml

Tue Oct  3 21:16:02 BDT 2017

Tue Oct  3 21:16:02 BDT 2017
/usr/local/lib/nicad4/tools/clonepairs.x examples/JHotDraw54b1_functions.xml 0.30 10 2500 > examples/JHotDraw54b1_functions-clones/JHotDraw54b1_functions-clones-0.30.xml
Processing examples/JHotDraw54b1_functions.xml with difference threshold 30%, clone size 10 .. 2500 lines
Reading pcs ... done.
Total 2886/7200000 potential clones of 10 lines or more
Used 6807/120000000 total pc lines
Used 682230/720000000 unique line text chars
 and 11025/14400000 unique lines
Sorting pcs . done.
Finding clones .. done.
Total 40057 pc comparisons
Pruning embedded clone pairs .. done.
Pruned 0 embedded clone pairs
Found 48 clone pairs
Generating XML output . done.


real	0m0.089s
user	0m0.048s
sys	0m0.028s

Tue Oct  3 21:16:02 BDT 2017

Tue Oct  3 21:16:02 BDT 2017
/usr/local/lib/nicad4/tools/cloneclasses.x examples/JHotDraw54b1_functions-clones/JHotDraw54b1_functions-clones-0.30.xml > examples/JHotDraw54b1_functions-clones/JHotDraw54b1_functions-clones-0.30-classes.xml
Processing examples/JHotDraw54b1_functions-clones/JHotDraw54b1_functions-clones-0.30.xml
Reading clone pairs . done.
Total 48 pairs
Sorting pairs . done.
Indexing pairs . done.
Computing classes . done.
Clustered clone pairs into 25 classes
Generating XML output . done.


real	0m0.063s
user	0m0.024s
sys	0m0.020s

Tue Oct  3 21:16:02 BDT 2017

