Tue Oct  3 23:48:07 BDT 2017
/usr/local/lib/nicad4/txl/java-extract-functions.x ALL.java >> examples/monit-4.2_functions.xml

Tue Oct  3 23:48:08 BDT 2017

Tue Oct  3 23:48:08 BDT 2017
/usr/local/lib/nicad4/tools/clonepairs.x examples/monit-4.2_functions.xml 0.30 10 2500 > examples/monit-4.2_functions-clones/monit-4.2_functions-clones-0.30.xml
Processing examples/monit-4.2_functions.xml with difference threshold 30%, clone size 10 .. 2500 lines
Reading pcs . done.
Total 0/7200000 potential clones of 10 lines or more
Used 0/120000000 total pc lines
Used 3/720000000 unique line text chars
 and 1/14400000 unique lines
Sorting pcs . done.
Finding clones  done.
Total 0 pc comparisons
Pruning embedded clone pairs . done.
Pruned 0 embedded clone pairs
Found 0 clone pairs
Generating XML output  done.


real	0m0.151s
user	0m0.016s
sys	0m0.004s

Tue Oct  3 23:48:08 BDT 2017

Tue Oct  3 23:48:08 BDT 2017
/usr/local/lib/nicad4/tools/cloneclasses.x examples/monit-4.2_functions-clones/monit-4.2_functions-clones-0.30.xml > examples/monit-4.2_functions-clones/monit-4.2_functions-clones-0.30-classes.xml
Processing examples/monit-4.2_functions-clones/monit-4.2_functions-clones-0.30.xml
Reading clone pairs . done.
Total 0 pairs
Sorting pairs . done.
Indexing pairs  done.
Computing classes  done.
Clustered clone pairs into 0 classes
Generating XML output  done.


real	0m0.129s
user	0m0.020s
sys	0m0.004s

Tue Oct  3 23:48:08 BDT 2017

